2026-05-14 00:08:34 - douban_main - INFO - 使用Selenium模式 (真实Chrome浏览器)
2026-05-14 00:08:34 - douban_main - INFO - 提示: 请确保Chrome已登录豆瓣，如出现验证页面请手动完成
2026-05-14 00:08:34 - douban_main - INFO - >>> Selenium完整爬取开始 <<<
2026-05-14 00:08:34 - douban_main - INFO - 从数据库加载了 250 部已有电影（跳过列表页和详情页）
2026-05-14 00:08:41 - douban_main - INFO - Selenium爬取完成: 250 部电影
2026-05-14 00:08:41 - douban_main - INFO - >>> 阶段3: 海报下载开始 <<<
2026-05-14 00:08:48 - douban_main - INFO - 海报进度: 1/250, 下载1 跳过0 失败0
2026-05-14 00:09:10 - douban_main - INFO - 海报进度: 26/250, 下载26 跳过0 失败0
2026-05-14 00:09:33 - douban_main - INFO - 海报进度: 51/250, 下载51 跳过0 失败0
2026-05-14 00:09:55 - douban_main - INFO - 海报进度: 76/250, 下载76 跳过0 失败0
2026-05-14 00:10:17 - douban_main - INFO - 海报进度: 101/250, 下载101 跳过0 失败0
2026-05-14 00:10:40 - douban_main - INFO - 海报进度: 126/250, 下载126 跳过0 失败0
2026-05-14 00:11:02 - douban_main - INFO - 海报进度: 151/250, 下载151 跳过0 失败0
2026-05-14 00:11:24 - douban_main - INFO - 海报进度: 176/250, 下载176 跳过0 失败0
2026-05-14 00:11:46 - douban_main - INFO - 海报进度: 201/250, 下载201 跳过0 失败0
2026-05-14 00:12:08 - douban_main - INFO - 海报进度: 226/250, 下载226 跳过0 失败0
2026-05-14 00:12:32 - douban_main - INFO - 海报完成: 下载250, 跳过0, 失败0
2026-05-14 00:12:32 - douban_main - INFO - >>> 阶段4: 数据存储开始 <<<
2026-05-14 00:12:32 - douban_main - INFO - 新增电影: 0, 跳过已有: 250
2026-05-14 00:12:32 - douban_main - INFO - 数据存储完成: {'total_movies': 250, 'total_comments': 5000}
2026-05-14 00:12:32 - douban_main - INFO - >>> 阶段5: 数据清洗与分析开始 <<<
2026-05-14 00:12:33 - douban_main - INFO - 从数据库加载: 250 部电影, 5000 条短评
